0000              1   ;--------------------------------------------------------
0000              2   ; File Created by C51
0000              3   ; Version 1.0.0 #1069 (Apr 23 2015) (MSVC)
0000              4   ; This file was generated Wed Feb 28 17:29:55 2018
0000              5   ;--------------------------------------------------------
                  5   $name hr_monitor
                  6   $optc51 --model-small
                  7   $printf_float
0000              9            R_DSEG    segment data
0000             10            R_CSEG    segment code
0000             11            R_BSEG    segment bit
0000             12            R_XSEG    segment xdata
0000             13            R_PSEG    segment xdata
0000             14            R_ISEG    segment idata
0000             15            R_OSEG    segment data overlay
0000             16            BIT_BANK  segment data overlay
0000             17            R_HOME    segment code
0000             18            R_GSINIT  segment code
0000             19            R_IXSEG   segment xdata
0000             20            R_CONST   segment code
0000             21            R_XINIT   segment code
0000             22            R_DINIT   segment code
0000             23   
0000             24   ;--------------------------------------------------------
0000             25   ; Public variables in this module
0000             26   ;--------------------------------------------------------
0000             27            public _main
0000             28            public _TIMER0_Init
0000             29            public _getsn
0000             30            public _LCDprint
0000             31            public _LCD_4BIT
0000             32            public _WriteCommand
0000             33            public _WriteData
0000             34            public _LCD_byte
0000             35            public _LCD_pulse
0000             36            public _waitms
0000             37            public _Timer3us
0000             38            public __c51_external_startup
0000             39            public _LCDprint_PARM_3
0000             40            public _getsn_PARM_2
0000             41            public _LCDprint_PARM_2
0000             42            public _overflow_count
0000             43   ;--------------------------------------------------------
0000             44   ; Special Function Registers
0000             45   ;--------------------------------------------------------
0000             46   _ACC            DATA 0xe0
0000             47   _ADC0ASAH       DATA 0xb6
0000             48   _ADC0ASAL       DATA 0xb5
0000             49   _ADC0ASCF       DATA 0xa1
0000             50   _ADC0ASCT       DATA 0xc7
0000             51   _ADC0CF0        DATA 0xbc
0000             52   _ADC0CF1        DATA 0xb9
0000             53   _ADC0CF2        DATA 0xdf
0000             54   _ADC0CN0        DATA 0xe8
0000             55   _ADC0CN1        DATA 0xb2
0000             56   _ADC0CN2        DATA 0xb3
0000             57   _ADC0GTH        DATA 0xc4
0000             58   _ADC0GTL        DATA 0xc3
0000             59   _ADC0H          DATA 0xbe
0000             60   _ADC0L          DATA 0xbd
0000             61   _ADC0LTH        DATA 0xc6
0000             62   _ADC0LTL        DATA 0xc5
0000             63   _ADC0MX         DATA 0xbb
0000             64   _B              DATA 0xf0
0000             65   _CKCON0         DATA 0x8e
0000             66   _CKCON1         DATA 0xa6
0000             67   _CLEN0          DATA 0xc6
0000             68   _CLIE0          DATA 0xc7
0000             69   _CLIF0          DATA 0xe8
0000             70   _CLKSEL         DATA 0xa9
0000             71   _CLOUT0         DATA 0xd1
0000             72   _CLU0CF         DATA 0xb1
0000             73   _CLU0FN         DATA 0xaf
0000             74   _CLU0MX         DATA 0x84
0000             75   _CLU1CF         DATA 0xb3
0000             76   _CLU1FN         DATA 0xb2
0000             77   _CLU1MX         DATA 0x85
0000             78   _CLU2CF         DATA 0xb6
0000             79   _CLU2FN         DATA 0xb5
0000             80   _CLU2MX         DATA 0x91
0000             81   _CLU3CF         DATA 0xbf
0000             82   _CLU3FN         DATA 0xbe
0000             83   _CLU3MX         DATA 0xae
0000             84   _CMP0CN0        DATA 0x9b
0000             85   _CMP0CN1        DATA 0x99
0000             86   _CMP0MD         DATA 0x9d
0000             87   _CMP0MX         DATA 0x9f
0000             88   _CMP1CN0        DATA 0xbf
0000             89   _CMP1CN1        DATA 0xac
0000             90   _CMP1MD         DATA 0xab
0000             91   _CMP1MX         DATA 0xaa
0000             92   _CRC0CN0        DATA 0xce
0000             93   _CRC0CN1        DATA 0x86
0000             94   _CRC0CNT        DATA 0xd3
0000             95   _CRC0DAT        DATA 0xcb
0000             96   _CRC0FLIP       DATA 0xcf
0000             97   _CRC0IN         DATA 0xca
0000             98   _CRC0ST         DATA 0xd2
0000             99   _DAC0CF0        DATA 0x91
0000            100   _DAC0CF1        DATA 0x92
0000            101   _DAC0H          DATA 0x85
0000            102   _DAC0L          DATA 0x84
0000            103   _DAC1CF0        DATA 0x93
0000            104   _DAC1CF1        DATA 0x94
0000            105   _DAC1H          DATA 0x8a
0000            106   _DAC1L          DATA 0x89
0000            107   _DAC2CF0        DATA 0x95
0000            108   _DAC2CF1        DATA 0x96
0000            109   _DAC2H          DATA 0x8c
0000            110   _DAC2L          DATA 0x8b
0000            111   _DAC3CF0        DATA 0x9a
0000            112   _DAC3CF1        DATA 0x9c
0000            113   _DAC3H          DATA 0x8e
0000            114   _DAC3L          DATA 0x8d
0000            115   _DACGCF0        DATA 0x88
0000            116   _DACGCF1        DATA 0x98
0000            117   _DACGCF2        DATA 0xa2
0000            118   _DERIVID        DATA 0xad
0000            119   _DEVICEID       DATA 0xb5
0000            120   _DPH            DATA 0x83
0000            121   _DPL            DATA 0x82
0000            122   _EIE1           DATA 0xe6
0000            123   _EIE2           DATA 0xf3
0000            124   _EIP1           DATA 0xbb
0000            125   _EIP1H          DATA 0xee
0000            126   _EIP2           DATA 0xed
0000            127   _EIP2H          DATA 0xf6
0000            128   _EMI0CN         DATA 0xe7
0000            129   _FLKEY          DATA 0xb7
0000            130   _HFO0CAL        DATA 0xc7
0000            131   _HFO1CAL        DATA 0xd6
0000            132   _HFOCN          DATA 0xef
0000            133   _I2C0ADM        DATA 0xff
0000            134   _I2C0CN0        DATA 0xba
0000            135   _I2C0DIN        DATA 0xbc
0000            136   _I2C0DOUT       DATA 0xbb
0000            137   _I2C0FCN0       DATA 0xad
0000            138   _I2C0FCN1       DATA 0xab
0000            139   _I2C0FCT        DATA 0xf5
0000            140   _I2C0SLAD       DATA 0xbd
0000            141   _I2C0STAT       DATA 0xb9
0000            142   _IE             DATA 0xa8
0000            143   _IP             DATA 0xb8
0000            144   _IPH            DATA 0xf2
0000            145   _IT01CF         DATA 0xe4
0000            146   _LFO0CN         DATA 0xb1
0000            147   _P0             DATA 0x80
0000            148   _P0MASK         DATA 0xfe
0000            149   _P0MAT          DATA 0xfd
0000            150   _P0MDIN         DATA 0xf1
0000            151   _P0MDOUT        DATA 0xa4
0000            152   _P0SKIP         DATA 0xd4
0000            153   _P1             DATA 0x90
0000            154   _P1MASK         DATA 0xee
0000            155   _P1MAT          DATA 0xed
0000            156   _P1MDIN         DATA 0xf2
0000            157   _P1MDOUT        DATA 0xa5
0000            158   _P1SKIP         DATA 0xd5
0000            159   _P2             DATA 0xa0
0000            160   _P2MASK         DATA 0xfc
0000            161   _P2MAT          DATA 0xfb
0000            162   _P2MDIN         DATA 0xf3
0000            163   _P2MDOUT        DATA 0xa6
0000            164   _P2SKIP         DATA 0xcc
0000            165   _P3             DATA 0xb0
0000            166   _P3MDIN         DATA 0xf4
0000            167   _P3MDOUT        DATA 0x9c
0000            168   _PCA0CENT       DATA 0x9e
0000            169   _PCA0CLR        DATA 0x9c
0000            170   _PCA0CN0        DATA 0xd8
0000            171   _PCA0CPH0       DATA 0xfc
0000            172   _PCA0CPH1       DATA 0xea
0000            173   _PCA0CPH2       DATA 0xec
0000            174   _PCA0CPH3       DATA 0xf5
0000            175   _PCA0CPH4       DATA 0x85
0000            176   _PCA0CPH5       DATA 0xde
0000            177   _PCA0CPL0       DATA 0xfb
0000            178   _PCA0CPL1       DATA 0xe9
0000            179   _PCA0CPL2       DATA 0xeb
0000            180   _PCA0CPL3       DATA 0xf4
0000            181   _PCA0CPL4       DATA 0x84
0000            182   _PCA0CPL5       DATA 0xdd
0000            183   _PCA0CPM0       DATA 0xda
0000            184   _PCA0CPM1       DATA 0xdb
0000            185   _PCA0CPM2       DATA 0xdc
0000            186   _PCA0CPM3       DATA 0xae
0000            187   _PCA0CPM4       DATA 0xaf
0000            188   _PCA0CPM5       DATA 0xcc
0000            189   _PCA0H          DATA 0xfa
0000            190   _PCA0L          DATA 0xf9
0000            191   _PCA0MD         DATA 0xd9
0000            192   _PCA0POL        DATA 0x96
0000            193   _PCA0PWM        DATA 0xf7
0000            194   _PCON0          DATA 0x87
0000            195   _PCON1          DATA 0xcd
0000            196   _PFE0CN         DATA 0xc1
0000            197   _PRTDRV         DATA 0xf6
0000            198   _PSCTL          DATA 0x8f
0000            199   _PSTAT0         DATA 0xaa
0000            200   _PSW            DATA 0xd0
0000            201   _REF0CN         DATA 0xd1
0000            202   _REG0CN         DATA 0xc9
0000            203   _REVID          DATA 0xb6
0000            204   _RSTSRC         DATA 0xef
0000            205   _SBCON1         DATA 0x94
0000            206   _SBRLH1         DATA 0x96
0000            207   _SBRLL1         DATA 0x95
0000            208   _SBUF           DATA 0x99
0000            209   _SBUF0          DATA 0x99
0000            210   _SBUF1          DATA 0x92
0000            211   _SCON           DATA 0x98
0000            212   _SCON0          DATA 0x98
0000            213   _SCON1          DATA 0xc8
0000            214   _SFRPAGE        DATA 0xa7
0000            215   _SFRPGCN        DATA 0xbc
0000            216   _SFRSTACK       DATA 0xd7
0000            217   _SMB0ADM        DATA 0xd6
0000            218   _SMB0ADR        DATA 0xd7
0000            219   _SMB0CF         DATA 0xc1
0000            220   _SMB0CN0        DATA 0xc0
0000            221   _SMB0DAT        DATA 0xc2
0000            222   _SMB0FCN0       DATA 0xc3
0000            223   _SMB0FCN1       DATA 0xc4
0000            224   _SMB0FCT        DATA 0xef
0000            225   _SMB0RXLN       DATA 0xc5
0000            226   _SMB0TC         DATA 0xac
0000            227   _SMOD1          DATA 0x93
0000            228   _SP             DATA 0x81
0000            229   _SPI0CFG        DATA 0xa1
0000            230   _SPI0CKR        DATA 0xa2
0000            231   _SPI0CN0        DATA 0xf8
0000            232   _SPI0DAT        DATA 0xa3
0000            233   _SPI0FCN0       DATA 0x9a
0000            234   _SPI0FCN1       DATA 0x9b
0000            235   _SPI0FCT        DATA 0xf7
0000            236   _SPI0PCF        DATA 0xdf
0000            237   _TCON           DATA 0x88
0000            238   _TH0            DATA 0x8c
0000            239   _TH1            DATA 0x8d
0000            240   _TL0            DATA 0x8a
0000            241   _TL1            DATA 0x8b
0000            242   _TMOD           DATA 0x89
0000            243   _TMR2CN0        DATA 0xc8
0000            244   _TMR2CN1        DATA 0xfd
0000            245   _TMR2H          DATA 0xcf
0000            246   _TMR2L          DATA 0xce
0000            247   _TMR2RLH        DATA 0xcb
0000            248   _TMR2RLL        DATA 0xca
0000            249   _TMR3CN0        DATA 0x91
0000            250   _TMR3CN1        DATA 0xfe
0000            251   _TMR3H          DATA 0x95
0000            252   _TMR3L          DATA 0x94
0000            253   _TMR3RLH        DATA 0x93
0000            254   _TMR3RLL        DATA 0x92
0000            255   _TMR4CN0        DATA 0x98
0000            256   _TMR4CN1        DATA 0xff
0000            257   _TMR4H          DATA 0xa5
0000            258   _TMR4L          DATA 0xa4
0000            259   _TMR4RLH        DATA 0xa3
0000            260   _TMR4RLL        DATA 0xa2
0000            261   _TMR5CN0        DATA 0xc0
0000            262   _TMR5CN1        DATA 0xf1
0000            263   _TMR5H          DATA 0xd5
0000            264   _TMR5L          DATA 0xd4
0000            265   _TMR5RLH        DATA 0xd3
0000            266   _TMR5RLL        DATA 0xd2
0000            267   _UART0PCF       DATA 0xd9
0000            268   _UART1FCN0      DATA 0x9d
0000            269   _UART1FCN1      DATA 0xd8
0000            270   _UART1FCT       DATA 0xfa
0000            271   _UART1LIN       DATA 0x9e
0000            272   _UART1PCF       DATA 0xda
0000            273   _VDM0CN         DATA 0xff
0000            274   _WDTCN          DATA 0x97
0000            275   _XBR0           DATA 0xe1
0000            276   _XBR1           DATA 0xe2
0000            277   _XBR2           DATA 0xe3
0000            278   _XOSC0CN        DATA 0x86
0000            279   _DPTR           DATA 0x8382
0000            280   _TMR2RL         DATA 0xcbca
0000            281   _TMR3RL         DATA 0x9392
0000            282   _TMR4RL         DATA 0xa3a2
0000            283   _TMR5RL         DATA 0xd3d2
0000            284   _TMR0           DATA 0x8c8a
0000            285   _TMR1           DATA 0x8d8b
0000            286   _TMR2           DATA 0xcfce
0000            287   _TMR3           DATA 0x9594
0000            288   _TMR4           DATA 0xa5a4
0000            289   _TMR5           DATA 0xd5d4
0000            290   _SBRL1          DATA 0x9695
0000            291   _PCA0           DATA 0xfaf9
0000            292   _PCA0CP0        DATA 0xfcfb
0000            293   _PCA0CP1        DATA 0xeae9
0000            294   _PCA0CP2        DATA 0xeceb
0000            295   _PCA0CP3        DATA 0xf5f4
0000            296   _PCA0CP4        DATA 0x8584
0000            297   _PCA0CP5        DATA 0xdedd
0000            298   _ADC0ASA        DATA 0xb6b5
0000            299   _ADC0GT         DATA 0xc4c3
0000            300   _ADC0           DATA 0xbebd
0000            301   _ADC0LT         DATA 0xc6c5
0000            302   _DAC0           DATA 0x8584
0000            303   _DAC1           DATA 0x8a89
0000            304   _DAC2           DATA 0x8c8b
0000            305   _DAC3           DATA 0x8e8d
0000            306   ;--------------------------------------------------------
0000            307   ; special function bits
0000            308   ;--------------------------------------------------------
0000            309   _ACC_0          BIT 0xe0
0000            310   _ACC_1          BIT 0xe1
0000            311   _ACC_2          BIT 0xe2
0000            312   _ACC_3          BIT 0xe3
0000            313   _ACC_4          BIT 0xe4
0000            314   _ACC_5          BIT 0xe5
0000            315   _ACC_6          BIT 0xe6
0000            316   _ACC_7          BIT 0xe7
0000            317   _TEMPE          BIT 0xe8
0000            318   _ADGN0          BIT 0xe9
0000            319   _ADGN1          BIT 0xea
0000            320   _ADWINT         BIT 0xeb
0000            321   _ADBUSY         BIT 0xec
0000            322   _ADINT          BIT 0xed
0000            323   _IPOEN          BIT 0xee
0000            324   _ADEN           BIT 0xef
0000            325   _B_0            BIT 0xf0
0000            326   _B_1            BIT 0xf1
0000            327   _B_2            BIT 0xf2
0000            328   _B_3            BIT 0xf3
0000            329   _B_4            BIT 0xf4
0000            330   _B_5            BIT 0xf5
0000            331   _B_6            BIT 0xf6
0000            332   _B_7            BIT 0xf7
0000            333   _C0FIF          BIT 0xe8
0000            334   _C0RIF          BIT 0xe9
0000            335   _C1FIF          BIT 0xea
0000            336   _C1RIF          BIT 0xeb
0000            337   _C2FIF          BIT 0xec
0000            338   _C2RIF          BIT 0xed
0000            339   _C3FIF          BIT 0xee
0000            340   _C3RIF          BIT 0xef
0000            341   _D1SRC0         BIT 0x88
0000            342   _D1SRC1         BIT 0x89
0000            343   _D1AMEN         BIT 0x8a
0000            344   _D01REFSL       BIT 0x8b
0000            345   _D3SRC0         BIT 0x8c
0000            346   _D3SRC1         BIT 0x8d
0000            347   _D3AMEN         BIT 0x8e
0000            348   _D23REFSL       BIT 0x8f
0000            349   _D0UDIS         BIT 0x98
0000            350   _D1UDIS         BIT 0x99
0000            351   _D2UDIS         BIT 0x9a
0000            352   _D3UDIS         BIT 0x9b
0000            353   _EX0            BIT 0xa8
0000            354   _ET0            BIT 0xa9
0000            355   _EX1            BIT 0xaa
0000            356   _ET1            BIT 0xab
0000            357   _ES0            BIT 0xac
0000            358   _ET2            BIT 0xad
0000            359   _ESPI0          BIT 0xae
0000            360   _EA             BIT 0xaf
0000            361   _PX0            BIT 0xb8
0000            362   _PT0            BIT 0xb9
0000            363   _PX1            BIT 0xba
0000            364   _PT1            BIT 0xbb
0000            365   _PS0            BIT 0xbc
0000            366   _PT2            BIT 0xbd
0000            367   _PSPI0          BIT 0xbe
0000            368   _P0_0           BIT 0x80
0000            369   _P0_1           BIT 0x81
0000            370   _P0_2           BIT 0x82
0000            371   _P0_3           BIT 0x83
0000            372   _P0_4           BIT 0x84
0000            373   _P0_5           BIT 0x85
0000            374   _P0_6           BIT 0x86
0000            375   _P0_7           BIT 0x87
0000            376   _P1_0           BIT 0x90
0000            377   _P1_1           BIT 0x91
0000            378   _P1_2           BIT 0x92
0000            379   _P1_3           BIT 0x93
0000            380   _P1_4           BIT 0x94
0000            381   _P1_5           BIT 0x95
0000            382   _P1_6           BIT 0x96
0000            383   _P1_7           BIT 0x97
0000            384   _P2_0           BIT 0xa0
0000            385   _P2_1           BIT 0xa1
0000            386   _P2_2           BIT 0xa2
0000            387   _P2_3           BIT 0xa3
0000            388   _P2_4           BIT 0xa4
0000            389   _P2_5           BIT 0xa5
0000            390   _P2_6           BIT 0xa6
0000            391   _P3_0           BIT 0xb0
0000            392   _P3_1           BIT 0xb1
0000            393   _P3_2           BIT 0xb2
0000            394   _P3_3           BIT 0xb3
0000            395   _P3_4           BIT 0xb4
0000            396   _P3_7           BIT 0xb7
0000            397   _CCF0           BIT 0xd8
0000            398   _CCF1           BIT 0xd9
0000            399   _CCF2           BIT 0xda
0000            400   _CCF3           BIT 0xdb
0000            401   _CCF4           BIT 0xdc
0000            402   _CCF5           BIT 0xdd
0000            403   _CR             BIT 0xde
0000            404   _CF             BIT 0xdf
0000            405   _PARITY         BIT 0xd0
0000            406   _F1             BIT 0xd1
0000            407   _OV             BIT 0xd2
0000            408   _RS0            BIT 0xd3
0000            409   _RS1            BIT 0xd4
0000            410   _F0             BIT 0xd5
0000            411   _AC             BIT 0xd6
0000            412   _CY             BIT 0xd7
0000            413   _RI             BIT 0x98
0000            414   _TI             BIT 0x99
0000            415   _RB8            BIT 0x9a
0000            416   _TB8            BIT 0x9b
0000            417   _REN            BIT 0x9c
0000            418   _CE             BIT 0x9d
0000            419   _SMODE          BIT 0x9e
0000            420   _RI1            BIT 0xc8
0000            421   _TI1            BIT 0xc9
0000            422   _RBX1           BIT 0xca
0000            423   _TBX1           BIT 0xcb
0000            424   _REN1           BIT 0xcc
0000            425   _PERR1          BIT 0xcd
0000            426   _OVR1           BIT 0xce
0000            427   _SI             BIT 0xc0
0000            428   _ACK            BIT 0xc1
0000            429   _ARBLOST        BIT 0xc2
0000            430   _ACKRQ          BIT 0xc3
0000            431   _STO            BIT 0xc4
0000            432   _STA            BIT 0xc5
0000            433   _TXMODE         BIT 0xc6
0000            434   _MASTER         BIT 0xc7
0000            435   _SPIEN          BIT 0xf8
0000            436   _TXNF           BIT 0xf9
0000            437   _NSSMD0         BIT 0xfa
0000            438   _NSSMD1         BIT 0xfb
0000            439   _RXOVRN         BIT 0xfc
0000            440   _MODF           BIT 0xfd
0000            441   _WCOL           BIT 0xfe
0000            442   _SPIF           BIT 0xff
0000            443   _IT0            BIT 0x88
0000            444   _IE0            BIT 0x89
0000            445   _IT1            BIT 0x8a
0000            446   _IE1            BIT 0x8b
0000            447   _TR0            BIT 0x8c
0000            448   _TF0            BIT 0x8d
0000            449   _TR1            BIT 0x8e
0000            450   _TF1            BIT 0x8f
0000            451   _T2XCLK0        BIT 0xc8
0000            452   _T2XCLK1        BIT 0xc9
0000            453   _TR2            BIT 0xca
0000            454   _T2SPLIT        BIT 0xcb
0000            455   _TF2CEN         BIT 0xcc
0000            456   _TF2LEN         BIT 0xcd
0000            457   _TF2L           BIT 0xce
0000            458   _TF2H           BIT 0xcf
0000            459   _T4XCLK0        BIT 0x98
0000            460   _T4XCLK1        BIT 0x99
0000            461   _TR4            BIT 0x9a
0000            462   _T4SPLIT        BIT 0x9b
0000            463   _TF4CEN         BIT 0x9c
0000            464   _TF4LEN         BIT 0x9d
0000            465   _TF4L           BIT 0x9e
0000            466   _TF4H           BIT 0x9f
0000            467   _T5XCLK0        BIT 0xc0
0000            468   _T5XCLK1        BIT 0xc1
0000            469   _TR5            BIT 0xc2
0000            470   _T5SPLIT        BIT 0xc3
0000            471   _TF5CEN         BIT 0xc4
0000            472   _TF5LEN         BIT 0xc5
0000            473   _TF5L           BIT 0xc6
0000            474   _TF5H           BIT 0xc7
0000            475   _RIE            BIT 0xd8
0000            476   _RXTO0          BIT 0xd9
0000            477   _RXTO1          BIT 0xda
0000            478   _RFRQ           BIT 0xdb
0000            479   _TIE            BIT 0xdc
0000            480   _TXHOLD         BIT 0xdd
0000            481   _TXNF1          BIT 0xde
0000            482   _TFRQ           BIT 0xdf
0000            483   ;--------------------------------------------------------
0000            484   ; overlayable register banks
0000            485   ;--------------------------------------------------------
0000            486            rbank0 segment data overlay
0000            487   ;--------------------------------------------------------
0000            488   ; internal ram data
0000            489   ;--------------------------------------------------------
0000            490            rseg R_DSEG
0000            491   _overflow_count:
0000            492            ds 1
0001            493   _LCDprint_PARM_2:
0001            494            ds 1
0002            495   _getsn_PARM_2:
0002            496            ds 2
0004            497   _getsn_buff_1_42:
0004            498            ds 3
0007            499   _getsn_sloc0_1_0:
0007            500            ds 2
0009            501   ;--------------------------------------------------------
0009            502   ; overlayable items in internal ram 
0009            503   ;--------------------------------------------------------
0000            504            rseg    R_OSEG
0000            505   ;--------------------------------------------------------
0000            506   ; indirectly addressable internal ram data
0000            507   ;--------------------------------------------------------
0000            508            rseg R_ISEG
0000            509   ;--------------------------------------------------------
0000            510   ; absolute internal ram data
0000            511   ;--------------------------------------------------------
0000            512            DSEG
0000            513   ;--------------------------------------------------------
0000            514   ; bit data
0000            515   ;--------------------------------------------------------
0000            516            rseg R_BSEG
0000            517   _LCDprint_PARM_3:
0000            518            DBIT    1
0001            519   ;--------------------------------------------------------
0001            520   ; paged external ram data
0001            521   ;--------------------------------------------------------
0000            522            rseg R_PSEG
0000            523   ;--------------------------------------------------------
0000            524   ; external ram data
0000            525   ;--------------------------------------------------------
0000            526            rseg R_XSEG
0000            527   ;--------------------------------------------------------
0000            528   ; absolute external ram data
0000            529   ;--------------------------------------------------------
0000            530            XSEG
0000            531   ;--------------------------------------------------------
0000            532   ; external initialized ram data
0000            533   ;--------------------------------------------------------
0000            534            rseg R_IXSEG
0000            535            rseg R_HOME
0000            536            rseg R_GSINIT
0000            537            rseg R_CSEG
0000            538   ;--------------------------------------------------------
0000            539   ; Reset entry point and interrupt vectors
0000            540   ;--------------------------------------------------------
0000            541            CSEG at 0x0000
0000 020100     542            ljmp    _crt0
0003            543   ;--------------------------------------------------------
0003            544   ; global & static initialisations
0003            545   ;--------------------------------------------------------
0000            546            rseg R_HOME
0000            547            rseg R_GSINIT
0000            548            rseg R_GSINIT
0000            549   ;--------------------------------------------------------
0000            550   ; data variables initialization
0000            551   ;--------------------------------------------------------
0000            552            rseg R_DINIT
0000            553            ; The linker places a 'ret' at the end of segment R_DINIT.
0000            554   ;--------------------------------------------------------
0000            555   ; code
0000            556   ;--------------------------------------------------------
0000            557            rseg R_CSEG
0000            558   ;------------------------------------------------------------
0000            559   ;Allocation info for local variables in function '_c51_external_startup'
0000            560   ;------------------------------------------------------------
0000            561   ;------------------------------------------------------------
0000            562   ;        C:\Users\carso\Documents\1. School\0. Spring 2018\Elec 292\lab4\hr_monitor.c:30: char _c51_external_startup (void)
0000            563   ;        -----------------------------------------
0000            564   ;         function _c51_external_startup
0000            565   ;        -----------------------------------------
0000            566   __c51_external_startup:
0000            567            using   0
0000            568   ;        C:\Users\carso\Documents\1. School\0. Spring 2018\Elec 292\lab4\hr_monitor.c:33: SFRPAGE = 0x00;
0000 75A700     569            mov     _SFRPAGE,#0x00
0003            570   ;        C:\Users\carso\Documents\1. School\0. Spring 2018\Elec 292\lab4\hr_monitor.c:34: WDTCN = 0xDE; //First key
0003 7597DE     571            mov     _WDTCN,#0xDE
0006            572   ;        C:\Users\carso\Documents\1. School\0. Spring 2018\Elec 292\lab4\hr_monitor.c:35: WDTCN = 0xAD; //Second key
0006 7597AD     573            mov     _WDTCN,#0xAD
0009            574   ;        C:\Users\carso\Documents\1. School\0. Spring 2018\Elec 292\lab4\hr_monitor.c:37: VDM0CN |= 0x80;
0009 43FF80     575            orl     _VDM0CN,#0x80
000C            576   ;        C:\Users\carso\Documents\1. School\0. Spring 2018\Elec 292\lab4\hr_monitor.c:38: RSTSRC = 0x02;
000C 75EF02     577            mov     _RSTSRC,#0x02
000F            578   ;        C:\Users\carso\Documents\1. School\0. Spring 2018\Elec 292\lab4\hr_monitor.c:45: SFRPAGE = 0x10;
000F 75A710     579            mov     _SFRPAGE,#0x10
0012            580   ;        C:\Users\carso\Documents\1. School\0. Spring 2018\Elec 292\lab4\hr_monitor.c:46: PFE0CN  = 0x20; // SYSCLK < 75 MHz.
0012 75C120     581            mov     _PFE0CN,#0x20
0015            582   ;        C:\Users\carso\Documents\1. School\0. Spring 2018\Elec 292\lab4\hr_monitor.c:47: SFRPAGE = 0x00;
0015 75A700     583            mov     _SFRPAGE,#0x00
0018            584   ;        C:\Users\carso\Documents\1. School\0. Spring 2018\Elec 292\lab4\hr_monitor.c:68: CLKSEL = 0x00;
0018 75A900     585            mov     _CLKSEL,#0x00
001B            586   ;        C:\Users\carso\Documents\1. School\0. Spring 2018\Elec 292\lab4\hr_monitor.c:69: CLKSEL = 0x00;
001B 75A900     587            mov     _CLKSEL,#0x00
001E            588   ;        C:\Users\carso\Documents\1. School\0. Spring 2018\Elec 292\lab4\hr_monitor.c:70: while ((CLKSEL & 0x80) == 0);
001E            589   L002001?:
001E E5A9       590            mov     a,_CLKSEL
0020 30E760     591            jnb     acc.7,L002001?
0023            592   ;        C:\Users\carso\Documents\1. School\0. Spring 2018\Elec 292\lab4\hr_monitor.c:71: CLKSEL = 0x03;
0023 75A903     593            mov     _CLKSEL,#0x03
0026            594   ;        C:\Users\carso\Documents\1. School\0. Spring 2018\Elec 292\lab4\hr_monitor.c:72: CLKSEL = 0x03;
0026 75A903     595            mov     _CLKSEL,#0x03
0029            596   ;        C:\Users\carso\Documents\1. School\0. Spring 2018\Elec 292\lab4\hr_monitor.c:73: while ((CLKSEL & 0x80) == 0);
0029            597   L002004?:
0029 E5A9       598            mov     a,_CLKSEL
002B 30E7E0     599            jnb     acc.7,L002004?
002E            600   ;        C:\Users\carso\Documents\1. School\0. Spring 2018\Elec 292\lab4\hr_monitor.c:78: P0MDOUT |= 0x10; // Enable UART0 TX as push-pull output
002E 43A410     601            orl     _P0MDOUT,#0x10
0031            602   ;        C:\Users\carso\Documents\1. School\0. Spring 2018\Elec 292\lab4\hr_monitor.c:79: XBR0     = 0x01; // Enable UART0 on P0.4(TX) and P0.5(RX)                     
0031 75E101     603            mov     _XBR0,#0x01
0034            604   ;        C:\Users\carso\Documents\1. School\0. Spring 2018\Elec 292\lab4\hr_monitor.c:80: XBR1     = 0X00;
0034 75E200     605            mov     _XBR1,#0x00
0037            606   ;        C:\Users\carso\Documents\1. School\0. Spring 2018\Elec 292\lab4\hr_monitor.c:81: XBR2     = 0x40; // Enable crossbar and weak pull-ups
0037 75E340     607            mov     _XBR2,#0x40
003A            608   ;        C:\Users\carso\Documents\1. School\0. Spring 2018\Elec 292\lab4\hr_monitor.c:87: SCON0 = 0x10;
003A 759810     609            mov     _SCON0,#0x10
003D            610   ;        C:\Users\carso\Documents\1. School\0. Spring 2018\Elec 292\lab4\hr_monitor.c:88: CKCON0 |= 0b_0000_0000 ; // Timer 1 uses the system clock divided by 12.
003D 858E8E     611            mov     _CKCON0,_CKCON0
0040            612   ;        C:\Users\carso\Documents\1. School\0. Spring 2018\Elec 292\lab4\hr_monitor.c:89: TH1 = 0x100-((SYSCLK/BAUDRATE)/(2L*12L));
0040 758DE6     613            mov     _TH1,#0xE6
0043            614   ;        C:\Users\carso\Documents\1. School\0. Spring 2018\Elec 292\lab4\hr_monitor.c:90: TL1 = TH1;      // Init Timer1
0043 858D8B     615            mov     _TL1,_TH1
0046            616   ;        C:\Users\carso\Documents\1. School\0. Spring 2018\Elec 292\lab4\hr_monitor.c:91: TMOD &= ~0xf0;  // TMOD: timer 1 in 8-bit auto-reload
0046 53890F     617            anl     _TMOD,#0x0F
0049            618   ;        C:\Users\carso\Documents\1. School\0. Spring 2018\Elec 292\lab4\hr_monitor.c:92: TMOD |=  0x20;                       
0049 438920     619            orl     _TMOD,#0x20
004C            620   ;        C:\Users\carso\Documents\1. School\0. Spring 2018\Elec 292\lab4\hr_monitor.c:93: TR1 = 1; // START Timer1
004C D28E       621            setb    _TR1
004E            622   ;        C:\Users\carso\Documents\1. School\0. Spring 2018\Elec 292\lab4\hr_monitor.c:94: TI = 1;  // Indicate TX0 ready
004E D299       623            setb    _TI
0050            624   ;        C:\Users\carso\Documents\1. School\0. Spring 2018\Elec 292\lab4\hr_monitor.c:96: return 0;
0050 758200     625            mov     dpl,#0x00
0053 22         626            ret
0054            627   ;------------------------------------------------------------
0054            628   ;Allocation info for local variables in function 'Timer3us'
0054            629   ;------------------------------------------------------------
0054            630   ;us                        Allocated to registers r2 
0054            631   ;i                         Allocated to registers r3 
0054            632   ;------------------------------------------------------------
0054            633   ;        C:\Users\carso\Documents\1. School\0. Spring 2018\Elec 292\lab4\hr_monitor.c:102: void Timer3us(unsigned char us)
0054            634   ;        -----------------------------------------
0054            635   ;         function Timer3us
0054            636   ;        -----------------------------------------
0054            637   _Timer3us:
0054 AA82       638            mov     r2,dpl
0056            639   ;        C:\Users\carso\Documents\1. School\0. Spring 2018\Elec 292\lab4\hr_monitor.c:107: CKCON0|=0b_0100_0000;
0056 438E40     640            orl     _CKCON0,#0x40
0059            641   ;        C:\Users\carso\Documents\1. School\0. Spring 2018\Elec 292\lab4\hr_monitor.c:109: TMR3RL = (-(SYSCLK)/1000000L); // Set Timer3 to overflow in 1us.
0059 7592B8     642            mov     _TMR3RL,#0xB8
005C 7593FF     643            mov     (_TMR3RL >> 8),#0xFF
005F            644   ;        C:\Users\carso\Documents\1. School\0. Spring 2018\Elec 292\lab4\hr_monitor.c:110: TMR3 = TMR3RL;                 // Initialize Timer3 for first overflow
005F 859294     645            mov     _TMR3,_TMR3RL
0062 859395     646            mov     (_TMR3 >> 8),(_TMR3RL >> 8)
0065            647   ;        C:\Users\carso\Documents\1. School\0. Spring 2018\Elec 292\lab4\hr_monitor.c:112: TMR3CN0 = 0x04;                 // Sart Timer3 and clear overflow flag
0065 759104     648            mov     _TMR3CN0,#0x04
0068            649   ;        C:\Users\carso\Documents\1. School\0. Spring 2018\Elec 292\lab4\hr_monitor.c:113: for (i = 0; i < us; i++)       // Count <us> overflows
0068 7B00       650            mov     r3,#0x00
006A            651   L003004?:
006A C3         652            clr     c
006B EB         653            mov     a,r3
006C 9A         654            subb    a,r2
006D 5001       655            jnc     L003007?
006F            656   ;        C:\Users\carso\Documents\1. School\0. Spring 2018\Elec 292\lab4\hr_monitor.c:115: while (!(TMR3CN0 & 0x80));  // Wait for overflow
006F            657   L003001?:
006F E591       658            mov     a,_TMR3CN0
0071 30E7E0     659            jnb     acc.7,L003001?
0074            660   ;        C:\Users\carso\Documents\1. School\0. Spring 2018\Elec 292\lab4\hr_monitor.c:116: TMR3CN0 &= ~(0x80);         // Clear overflow indicator
0074 53917F     661            anl     _TMR3CN0,#0x7F
0077            662   ;        C:\Users\carso\Documents\1. School\0. Spring 2018\Elec 292\lab4\hr_monitor.c:113: for (i = 0; i < us; i++)       // Count <us> overflows
0077 0B         663            inc     r3
0078 8001       664            sjmp    L003004?
007A            665   L003007?:
007A            666   ;        C:\Users\carso\Documents\1. School\0. Spring 2018\Elec 292\lab4\hr_monitor.c:118: TMR3CN0 = 0 ;                   // Stop Timer3 and clear overflow flag
007A 759100     667            mov     _TMR3CN0,#0x00
007D 22         668            ret
007E            669   ;------------------------------------------------------------
007E            670   ;Allocation info for local variables in function 'waitms'
007E            671   ;------------------------------------------------------------
007E            672   ;ms                        Allocated to registers r2 r3 
007E            673   ;j                         Allocated to registers r4 r5 
007E            674   ;k                         Allocated to registers r6 
007E            675   ;------------------------------------------------------------
007E            676   ;        C:\Users\carso\Documents\1. School\0. Spring 2018\Elec 292\lab4\hr_monitor.c:121: void waitms (unsigned int ms)
007E            677   ;        -----------------------------------------
007E            678   ;         function waitms
007E            679   ;        -----------------------------------------
007E            680   _waitms:
007E AA82       681            mov     r2,dpl
0080 AB83       682            mov     r3,dph
0082            683   ;        C:\Users\carso\Documents\1. School\0. Spring 2018\Elec 292\lab4\hr_monitor.c:125: for(j=0; j<ms; j++)
0082 7C00       684            mov     r4,#0x00
0084 7D00       685            mov     r5,#0x00
0086            686   L004005?:
0086 C3         687            clr     c
0087 EC         688            mov     a,r4
0088 9A         689            subb    a,r2
0089 ED         690            mov     a,r5
008A 9B         691            subb    a,r3
008B 5001       692            jnc     L004009?
008D            693   ;        C:\Users\carso\Documents\1. School\0. Spring 2018\Elec 292\lab4\hr_monitor.c:126: for (k=0; k<4; k++) Timer3us(250);
008D 7E00       694            mov     r6,#0x00
008F            695   L004001?:
008F BE0420     696            cjne    r6,#0x04,L004018?
0092            697   L004018?:
0092 5001       698            jnc     L004007?
0094 7582FA     699            mov     dpl,#0xFA
0097 C002       700            push    ar2
0099 C003       701            push    ar3
009B C004       702            push    ar4
009D C005       703            push    ar5
009F C006       704            push    ar6
00A1 120100     705            lcall   _Timer3us
00A4 D006       706            pop     ar6
00A6 D005       707            pop     ar5
00A8 D004       708            pop     ar4
00AA D003       709            pop     ar3
00AC D002       710            pop     ar2
00AE 0E         711            inc     r6
00AF 8001       712            sjmp    L004001?
00B1            713   L004007?:
00B1            714   ;        C:\Users\carso\Documents\1. School\0. Spring 2018\Elec 292\lab4\hr_monitor.c:125: for(j=0; j<ms; j++)
00B1 0C         715            inc     r4
00B2 BC0060     716            cjne    r4,#0x00,L004005?
00B5 0D         717            inc     r5
00B6 8001       718            sjmp    L004005?
00B8            719   L004009?:
00B8 22         720            ret
00B9            721   ;------------------------------------------------------------
00B9            722   ;Allocation info for local variables in function 'LCD_pulse'
00B9            723   ;------------------------------------------------------------
00B9            724   ;------------------------------------------------------------
00B9            725   ;        C:\Users\carso\Documents\1. School\0. Spring 2018\Elec 292\lab4\hr_monitor.c:129: void LCD_pulse (void)
00B9            726   ;        -----------------------------------------
00B9            727   ;         function LCD_pulse
00B9            728   ;        -----------------------------------------
00B9            729   _LCD_pulse:
00B9            730   ;        C:\Users\carso\Documents\1. School\0. Spring 2018\Elec 292\lab4\hr_monitor.c:131: LCD_E=1;
00B9 D2A5       731            setb    _P2_5
00BB            732   ;        C:\Users\carso\Documents\1. School\0. Spring 2018\Elec 292\lab4\hr_monitor.c:132: Timer3us(40);
00BB 758228     733            mov     dpl,#0x28
00BE 120100     734            lcall   _Timer3us
00C1            735   ;        C:\Users\carso\Documents\1. School\0. Spring 2018\Elec 292\lab4\hr_monitor.c:133: LCD_E=0;
00C1 C2A5       736            clr     _P2_5
00C3 22         737            ret
00C4            738   ;------------------------------------------------------------
00C4            739   ;Allocation info for local variables in function 'LCD_byte'
00C4            740   ;------------------------------------------------------------
00C4            741   ;x                         Allocated to registers r2 
00C4            742   ;------------------------------------------------------------
00C4            743   ;        C:\Users\carso\Documents\1. School\0. Spring 2018\Elec 292\lab4\hr_monitor.c:136: void LCD_byte (unsigned char x)
00C4            744   ;        -----------------------------------------
00C4            745   ;         function LCD_byte
00C4            746   ;        -----------------------------------------
00C4            747   _LCD_byte:
00C4 AA82       748            mov     r2,dpl
00C6            749   ;        C:\Users\carso\Documents\1. School\0. Spring 2018\Elec 292\lab4\hr_monitor.c:139: ACC=x; //Send high nible
00C6 8AE0       750            mov     _ACC,r2
00C8            751   ;        C:\Users\carso\Documents\1. School\0. Spring 2018\Elec 292\lab4\hr_monitor.c:140: LCD_D7=ACC_7;
00C8 A2E7       752            mov     c,_ACC_7
00CA 92A1       753            mov     _P2_1,c
00CC            754   ;        C:\Users\carso\Documents\1. School\0. Spring 2018\Elec 292\lab4\hr_monitor.c:141: LCD_D6=ACC_6;
00CC A2E6       755            mov     c,_ACC_6
00CE 92A2       756            mov     _P2_2,c
00D0            757   ;        C:\Users\carso\Documents\1. School\0. Spring 2018\Elec 292\lab4\hr_monitor.c:142: LCD_D5=ACC_5;
00D0 A2E5       758            mov     c,_ACC_5
00D2 92A3       759            mov     _P2_3,c
00D4            760   ;        C:\Users\carso\Documents\1. School\0. Spring 2018\Elec 292\lab4\hr_monitor.c:143: LCD_D4=ACC_4;
00D4 A2E4       761            mov     c,_ACC_4
00D6 92A4       762            mov     _P2_4,c
00D8            763   ;        C:\Users\carso\Documents\1. School\0. Spring 2018\Elec 292\lab4\hr_monitor.c:144: LCD_pulse();
00D8 C002       764            push    ar2
00DA 120100     765            lcall   _LCD_pulse
00DD            766   ;        C:\Users\carso\Documents\1. School\0. Spring 2018\Elec 292\lab4\hr_monitor.c:145: Timer3us(40);
00DD 758228     767            mov     dpl,#0x28
00E0 120100     768            lcall   _Timer3us
00E3 D002       769            pop     ar2
00E5            770   ;        C:\Users\carso\Documents\1. School\0. Spring 2018\Elec 292\lab4\hr_monitor.c:146: ACC=x; //Send low nible
00E5 8AE0       771            mov     _ACC,r2
00E7            772   ;        C:\Users\carso\Documents\1. School\0. Spring 2018\Elec 292\lab4\hr_monitor.c:147: LCD_D7=ACC_3;
00E7 A2E3       773            mov     c,_ACC_3
00E9 92A1       774            mov     _P2_1,c
00EB            775   ;        C:\Users\carso\Documents\1. School\0. Spring 2018\Elec 292\lab4\hr_monitor.c:148: LCD_D6=ACC_2;
00EB A2E2       776            mov     c,_ACC_2
00ED 92A2       777            mov     _P2_2,c
00EF            778   ;        C:\Users\carso\Documents\1. School\0. Spring 2018\Elec 292\lab4\hr_monitor.c:149: LCD_D5=ACC_1;
00EF A2E1       779            mov     c,_ACC_1
00F1 92A3       780            mov     _P2_3,c
00F3            781   ;        C:\Users\carso\Documents\1. School\0. Spring 2018\Elec 292\lab4\hr_monitor.c:150: LCD_D4=ACC_0;
00F3 A2E0       782            mov     c,_ACC_0
00F5 92A4       783            mov     _P2_4,c
00F7            784   ;        C:\Users\carso\Documents\1. School\0. Spring 2018\Elec 292\lab4\hr_monitor.c:151: LCD_pulse();
00F7 020100     785            ljmp    _LCD_pulse
00FA            786   ;------------------------------------------------------------
00FA            787   ;Allocation info for local variables in function 'WriteData'
00FA            788   ;------------------------------------------------------------
00FA            789   ;x                         Allocated to registers r2 
00FA            790   ;------------------------------------------------------------
00FA            791   ;        C:\Users\carso\Documents\1. School\0. Spring 2018\Elec 292\lab4\hr_monitor.c:154: void WriteData (unsigned char x)
00FA            792   ;        -----------------------------------------
00FA            793   ;         function WriteData
00FA            794   ;        -----------------------------------------
00FA            795   _WriteData:
00FA AA82       796            mov     r2,dpl
00FC            797   ;        C:\Users\carso\Documents\1. School\0. Spring 2018\Elec 292\lab4\hr_monitor.c:156: LCD_RS=1;
00FC D2A6       798            setb    _P2_6
00FE            799   ;        C:\Users\carso\Documents\1. School\0. Spring 2018\Elec 292\lab4\hr_monitor.c:157: LCD_byte(x);
00FE 8A82       800            mov     dpl,r2
0100 120100     801            lcall   _LCD_byte
0103            802   ;        C:\Users\carso\Documents\1. School\0. Spring 2018\Elec 292\lab4\hr_monitor.c:158: waitms(2);
0103 900002     803            mov     dptr,#0x0002
0106 020100     804            ljmp    _waitms
0109            805   ;------------------------------------------------------------
0109            806   ;Allocation info for local variables in function 'WriteCommand'
0109            807   ;------------------------------------------------------------
0109            808   ;x                         Allocated to registers r2 
0109            809   ;------------------------------------------------------------
0109            810   ;        C:\Users\carso\Documents\1. School\0. Spring 2018\Elec 292\lab4\hr_monitor.c:161: void WriteCommand (unsigned char x)
0109            811   ;        -----------------------------------------
0109            812   ;         function WriteCommand
0109            813   ;        -----------------------------------------
0109            814   _WriteCommand:
0109 AA82       815            mov     r2,dpl
010B            816   ;        C:\Users\carso\Documents\1. School\0. Spring 2018\Elec 292\lab4\hr_monitor.c:163: LCD_RS=0;
010B C2A6       817            clr     _P2_6
010D            818   ;        C:\Users\carso\Documents\1. School\0. Spring 2018\Elec 292\lab4\hr_monitor.c:164: LCD_byte(x);
010D 8A82       819            mov     dpl,r2
010F 120100     820            lcall   _LCD_byte
0112            821   ;        C:\Users\carso\Documents\1. School\0. Spring 2018\Elec 292\lab4\hr_monitor.c:165: waitms(5);
0112 900005     822            mov     dptr,#0x0005
0115 020100     823            ljmp    _waitms
0118            824   ;------------------------------------------------------------
0118            825   ;Allocation info for local variables in function 'LCD_4BIT'
0118            826   ;------------------------------------------------------------
0118            827   ;------------------------------------------------------------
0118            828   ;        C:\Users\carso\Documents\1. School\0. Spring 2018\Elec 292\lab4\hr_monitor.c:168: void LCD_4BIT (void)
0118            829   ;        -----------------------------------------
0118            830   ;         function LCD_4BIT
0118            831   ;        -----------------------------------------
0118            832   _LCD_4BIT:
0118            833   ;        C:\Users\carso\Documents\1. School\0. Spring 2018\Elec 292\lab4\hr_monitor.c:170: LCD_E=0; // Resting state of LCD's enable is zero
0118 C2A5       834            clr     _P2_5
011A            835   ;        C:\Users\carso\Documents\1. School\0. Spring 2018\Elec 292\lab4\hr_monitor.c:172: waitms(20);
011A 900014     836            mov     dptr,#0x0014
011D 120100     837            lcall   _waitms
0120            838   ;        C:\Users\carso\Documents\1. School\0. Spring 2018\Elec 292\lab4\hr_monitor.c:174: WriteCommand(0x33);
0120 758233     839            mov     dpl,#0x33
0123 120100     840            lcall   _WriteCommand
0126            841   ;        C:\Users\carso\Documents\1. School\0. Spring 2018\Elec 292\lab4\hr_monitor.c:175: WriteCommand(0x33);
0126 758233     842            mov     dpl,#0x33
0129 120100     843            lcall   _WriteCommand
012C            844   ;        C:\Users\carso\Documents\1. School\0. Spring 2018\Elec 292\lab4\hr_monitor.c:176: WriteCommand(0x32); // Change to 4-bit mode
012C 758232     845            mov     dpl,#0x32
012F 120100     846            lcall   _WriteCommand
0132            847   ;        C:\Users\carso\Documents\1. School\0. Spring 2018\Elec 292\lab4\hr_monitor.c:179: WriteCommand(0x28);
0132 758228     848            mov     dpl,#0x28
0135 120100     849            lcall   _WriteCommand
0138            850   ;        C:\Users\carso\Documents\1. School\0. Spring 2018\Elec 292\lab4\hr_monitor.c:180: WriteCommand(0x0c);
0138 75820C     851            mov     dpl,#0x0C
013B 120100     852            lcall   _WriteCommand
013E            853   ;        C:\Users\carso\Documents\1. School\0. Spring 2018\Elec 292\lab4\hr_monitor.c:181: WriteCommand(0x01); // Clear screen command (takes some time)
013E 758201     854            mov     dpl,#0x01
0141 120100     855            lcall   _WriteCommand
0144            856   ;        C:\Users\carso\Documents\1. School\0. Spring 2018\Elec 292\lab4\hr_monitor.c:182: waitms(20); // Wait for clear screen command to finsih.
0144 900014     857            mov     dptr,#0x0014
0147 020100     858            ljmp    _waitms
014A            859   ;------------------------------------------------------------
014A            860   ;Allocation info for local variables in function 'LCDprint'
014A            861   ;------------------------------------------------------------
014A            862   ;line                      Allocated with name '_LCDprint_PARM_2'
014A            863   ;string                    Allocated to registers r2 r3 r4 
014A            864   ;j                         Allocated to registers r5 r6 
014A            865   ;------------------------------------------------------------
014A            866   ;        C:\Users\carso\Documents\1. School\0. Spring 2018\Elec 292\lab4\hr_monitor.c:185: void LCDprint(char * string, unsigned char line, bit clear)
014A            867   ;        -----------------------------------------
014A            868   ;         function LCDprint
014A            869   ;        -----------------------------------------
014A            870   _LCDprint:
014A AA82       871            mov     r2,dpl
014C AB83       872            mov     r3,dph
014E ACF0       873            mov     r4,b
0150            874   ;        C:\Users\carso\Documents\1. School\0. Spring 2018\Elec 292\lab4\hr_monitor.c:189: WriteCommand(line==2?0xc0:0x80);
0150 7402       875            mov     a,#0x02
0152 B5F0E0     876            cjne    a,_LCDprint_PARM_2,L010013?
0155 7DC0       877            mov     r5,#0xC0
0157 8001       878            sjmp    L010014?
0159            879   L010013?:
0159 7D80       880            mov     r5,#0x80
015B            881   L010014?:
015B 8D82       882            mov     dpl,r5
015D C002       883            push    ar2
015F C003       884            push    ar3
0161 C004       885            push    ar4
0163 120100     886            lcall   _WriteCommand
0166            887   ;        C:\Users\carso\Documents\1. School\0. Spring 2018\Elec 292\lab4\hr_monitor.c:190: waitms(5);
0166 900005     888            mov     dptr,#0x0005
0169 120100     889            lcall   _waitms
016C D004       890            pop     ar4
016E D003       891            pop     ar3
0170 D002       892            pop     ar2
0172            893   ;        C:\Users\carso\Documents\1. School\0. Spring 2018\Elec 292\lab4\hr_monitor.c:191: for(j=0; string[j]!=0; j++)   WriteData(string[j]);// Write the message
0172 7D00       894            mov     r5,#0x00
0174 7E00       895            mov     r6,#0x00
0176            896   L010003?:
0176 ED         897            mov     a,r5
0177 2A         898            add     a,r2
0178 FF         899            mov     r7,a
0179 EE         900            mov     a,r6
017A 3B         901            addc    a,r3
017B F8         902            mov     r0,a
017C 8C01       903            mov     ar1,r4
017E 8F82       904            mov     dpl,r7
0180 8883       905            mov     dph,r0
0182 89F0       906            mov     b,r1
0184 120100     907            lcall   __gptrget
0187 FF         908            mov     r7,a
0188 6001       909            jz      L010006?
018A 8F82       910            mov     dpl,r7
018C C002       911            push    ar2
018E C003       912            push    ar3
0190 C004       913            push    ar4
0192 C005       914            push    ar5
0194 C006       915            push    ar6
0196 120100     916            lcall   _WriteData
0199 D006       917            pop     ar6
019B D005       918            pop     ar5
019D D004       919            pop     ar4
019F D003       920            pop     ar3
01A1 D002       921            pop     ar2
01A3 0D         922            inc     r5
01A4 BD0060     923            cjne    r5,#0x00,L010003?
01A7 0E         924            inc     r6
01A8 8001       925            sjmp    L010003?
01AA            926   L010006?:
01AA            927   ;        C:\Users\carso\Documents\1. School\0. Spring 2018\Elec 292\lab4\hr_monitor.c:192: if(clear) for(; j<CHARS_PER_LINE; j++) WriteData(' '); // Clear the rest of the line
01AA 306020     928            jnb     _LCDprint_PARM_3,L010011?
01AD 8D02       929            mov     ar2,r5
01AF 8E03       930            mov     ar3,r6
01B1            931   L010007?:
01B1 C3         932            clr     c
01B2 EA         933            mov     a,r2
01B3 9410       934            subb    a,#0x10
01B5 EB         935            mov     a,r3
01B6 6480       936            xrl     a,#0x80
01B8 9480       937            subb    a,#0x80
01BA 5001       938            jnc     L010011?
01BC 758220     939            mov     dpl,#0x20
01BF C002       940            push    ar2
01C1 C003       941            push    ar3
01C3 120100     942            lcall   _WriteData
01C6 D003       943            pop     ar3
01C8 D002       944            pop     ar2
01CA 0A         945            inc     r2
01CB BA0060     946            cjne    r2,#0x00,L010007?
01CE 0B         947            inc     r3
01CF 8001       948            sjmp    L010007?
01D1            949   L010011?:
01D1 22         950            ret
01D2            951   ;------------------------------------------------------------
01D2            952   ;Allocation info for local variables in function 'getsn'
01D2            953   ;------------------------------------------------------------
01D2            954   ;len                       Allocated with name '_getsn_PARM_2'
01D2            955   ;buff                      Allocated with name '_getsn_buff_1_42'
01D2            956   ;j                         Allocated with name '_getsn_sloc0_1_0'
01D2            957   ;c                         Allocated to registers r3 
01D2            958   ;sloc0                     Allocated with name '_getsn_sloc0_1_0'
01D2            959   ;------------------------------------------------------------
01D2            960   ;        C:\Users\carso\Documents\1. School\0. Spring 2018\Elec 292\lab4\hr_monitor.c:195: int getsn (char * buff, int len)
01D2            961   ;        -----------------------------------------
01D2            962   ;         function getsn
01D2            963   ;        -----------------------------------------
01D2            964   _getsn:
01D2 858290     965            mov     _getsn_buff_1_42,dpl
01D5 858391     966            mov     (_getsn_buff_1_42 + 1),dph
01D8 85F092     967            mov     (_getsn_buff_1_42 + 2),b
01DB            968   ;        C:\Users\carso\Documents\1. School\0. Spring 2018\Elec 292\lab4\hr_monitor.c:200: for(j=0; j<(len-1); j++)
01DB E4         969            clr     a
01DC F5E0       970            mov     _getsn_sloc0_1_0,a
01DE F5E1       971            mov     (_getsn_sloc0_1_0 + 1),a
01E0 E5A0       972            mov     a,_getsn_PARM_2
01E2 24FF       973            add     a,#0xff
01E4 FF         974            mov     r7,a
01E5 E5A1       975            mov     a,(_getsn_PARM_2 + 1)
01E7 34FF       976            addc    a,#0xff
01E9 F8         977            mov     r0,a
01EA 7900       978            mov     r1,#0x00
01EC 7A00       979            mov     r2,#0x00
01EE            980   L011005?:
01EE C3         981            clr     c
01EF E9         982            mov     a,r1
01F0 9F         983            subb    a,r7
01F1 EA         984            mov     a,r2
01F2 6480       985            xrl     a,#0x80
01F4 88F0       986            mov     b,r0
01F6 63F080     987            xrl     b,#0x80
01F9 95F0       988            subb    a,b
01FB 5001       989            jnc     L011008?
01FD            990   ;        C:\Users\carso\Documents\1. School\0. Spring 2018\Elec 292\lab4\hr_monitor.c:202: c=getchar();
01FD C002       991            push    ar2
01FF C007       992            push    ar7
0201 C000       993            push    ar0
0203 C001       994            push    ar1
0205 120100     995            lcall   _getchar
0208 AB82       996            mov     r3,dpl
020A D001       997            pop     ar1
020C D000       998            pop     ar0
020E D007       999            pop     ar7
0210 D002      1000            pop     ar2
0212           1001   ;        C:\Users\carso\Documents\1. School\0. Spring 2018\Elec 292\lab4\hr_monitor.c:203: if ( (c=='\n') || (c=='\r') )
0212 BB0A60    1002            cjne    r3,#0x0A,L011015?
0215 8001      1003            sjmp    L011001?
0217           1004   L011015?:
0217 BB0DE0    1005            cjne    r3,#0x0D,L011002?
021A           1006   L011001?:
021A           1007   ;        C:\Users\carso\Documents\1. School\0. Spring 2018\Elec 292\lab4\hr_monitor.c:205: buff[j]=0;
021A E5E0      1008            mov     a,_getsn_sloc0_1_0
021C 2590      1009            add     a,_getsn_buff_1_42
021E FC        1010            mov     r4,a
021F E5E1      1011            mov     a,(_getsn_sloc0_1_0 + 1)
0221 3591      1012            addc    a,(_getsn_buff_1_42 + 1)
0223 FD        1013            mov     r5,a
0224 AE92      1014            mov     r6,(_getsn_buff_1_42 + 2)
0226 8C82      1015            mov     dpl,r4
0228 8D83      1016            mov     dph,r5
022A 8EF0      1017            mov     b,r6
022C E4        1018            clr     a
022D 120100    1019            lcall   __gptrput
0230           1020   ;        C:\Users\carso\Documents\1. School\0. Spring 2018\Elec 292\lab4\hr_monitor.c:206: return j;
0230 85E082    1021            mov     dpl,_getsn_sloc0_1_0
0233 85E183    1022            mov     dph,(_getsn_sloc0_1_0 + 1)
0236 22        1023            ret
0237           1024   L011002?:
0237           1025   ;        C:\Users\carso\Documents\1. School\0. Spring 2018\Elec 292\lab4\hr_monitor.c:210: buff[j]=c;
0237 E9        1026            mov     a,r1
0238 2590      1027            add     a,_getsn_buff_1_42
023A FC        1028            mov     r4,a
023B EA        1029            mov     a,r2
023C 3591      1030            addc    a,(_getsn_buff_1_42 + 1)
023E FD        1031            mov     r5,a
023F AE92      1032            mov     r6,(_getsn_buff_1_42 + 2)
0241 8C82      1033            mov     dpl,r4
0243 8D83      1034            mov     dph,r5
0245 8EF0      1035            mov     b,r6
0247 EB        1036            mov     a,r3
0248 120100    1037            lcall   __gptrput
024B           1038   ;        C:\Users\carso\Documents\1. School\0. Spring 2018\Elec 292\lab4\hr_monitor.c:200: for(j=0; j<(len-1); j++)
024B 09        1039            inc     r1
024C B90060    1040            cjne    r1,#0x00,L011018?
024F 0A        1041            inc     r2
0250           1042   L011018?:
0250 89E0      1043            mov     _getsn_sloc0_1_0,r1
0252 8AE1      1044            mov     (_getsn_sloc0_1_0 + 1),r2
0254 8001      1045            sjmp    L011005?
0256           1046   L011008?:
0256           1047   ;        C:\Users\carso\Documents\1. School\0. Spring 2018\Elec 292\lab4\hr_monitor.c:213: buff[j]=0;
0256 E5E0      1048            mov     a,_getsn_sloc0_1_0
0258 2590      1049            add     a,_getsn_buff_1_42
025A FA        1050            mov     r2,a
025B E5E1      1051            mov     a,(_getsn_sloc0_1_0 + 1)
025D 3591      1052            addc    a,(_getsn_buff_1_42 + 1)
025F FB        1053            mov     r3,a
0260 AC92      1054            mov     r4,(_getsn_buff_1_42 + 2)
0262 8A82      1055            mov     dpl,r2
0264 8B83      1056            mov     dph,r3
0266 8CF0      1057            mov     b,r4
0268 E4        1058            clr     a
0269 120100    1059            lcall   __gptrput
026C           1060   ;        C:\Users\carso\Documents\1. School\0. Spring 2018\Elec 292\lab4\hr_monitor.c:214: return len;
026C 85A082    1061            mov     dpl,_getsn_PARM_2
026F 85A183    1062            mov     dph,(_getsn_PARM_2 + 1)
0272 22        1063            ret
0273           1064   ;------------------------------------------------------------
0273           1065   ;Allocation info for local variables in function 'TIMER0_Init'
0273           1066   ;------------------------------------------------------------
0273           1067   ;------------------------------------------------------------
0273           1068   ;        C:\Users\carso\Documents\1. School\0. Spring 2018\Elec 292\lab4\hr_monitor.c:217: void TIMER0_Init(void)
0273           1069   ;        -----------------------------------------
0273           1070   ;         function TIMER0_Init
0273           1071   ;        -----------------------------------------
0273           1072   _TIMER0_Init:
0273           1073   ;        C:\Users\carso\Documents\1. School\0. Spring 2018\Elec 292\lab4\hr_monitor.c:219: TMOD&=0b_1111_0000; // Set the bits of Timer/Counter 0 to zero
0273 5389F0    1074            anl     _TMOD,#0xF0
0276           1075   ;        C:\Users\carso\Documents\1. School\0. Spring 2018\Elec 292\lab4\hr_monitor.c:220: TMOD|=0b_0000_0001; // Timer/Counter 0 used as a 16-bit timer
0276 438901    1076            orl     _TMOD,#0x01
0279           1077   ;        C:\Users\carso\Documents\1. School\0. Spring 2018\Elec 292\lab4\hr_monitor.c:221: TR0=0; // Stop Timer/Counter 0
0279 C28C      1078            clr     _TR0
027B 22        1079            ret
027C           1080   ;------------------------------------------------------------
027C           1081   ;Allocation info for local variables in function 'main'
027C           1082   ;------------------------------------------------------------
027C           1083   ;period                    Allocated to registers r2 r3 r4 r5 
027C           1084   ;------------------------------------------------------------
027C           1085   ;        C:\Users\carso\Documents\1. School\0. Spring 2018\Elec 292\lab4\hr_monitor.c:224: void main (void) 
027C           1086   ;        -----------------------------------------
027C           1087   ;         function main
027C           1088   ;        -----------------------------------------
027C           1089   _main:
027C           1090   ;        C:\Users\carso\Documents\1. School\0. Spring 2018\Elec 292\lab4\hr_monitor.c:231: TIMER0_Init();
027C 120100    1091            lcall   _TIMER0_Init
027F           1092   ;        C:\Users\carso\Documents\1. School\0. Spring 2018\Elec 292\lab4\hr_monitor.c:234: LCD_4BIT();
027F 120100    1093            lcall   _LCD_4BIT
0282           1094   ;        C:\Users\carso\Documents\1. School\0. Spring 2018\Elec 292\lab4\hr_monitor.c:238: LCDprint("Place clip on   ", 1, 1);
0282 75F001    1095            mov     _LCDprint_PARM_2,#0x01
0285 D260      1096            setb    _LCDprint_PARM_3
0287 90BCA0    1097            mov     dptr,#__str_0
028A 75F080    1098            mov     b,#0x80
028D 120100    1099            lcall   _LCDprint
0290           1100   ;        C:\Users\carso\Documents\1. School\0. Spring 2018\Elec 292\lab4\hr_monitor.c:239: LCDprint("Ring fingernail", 2, 1);
0290 75F002    1101            mov     _LCDprint_PARM_2,#0x02
0293 D260      1102            setb    _LCDprint_PARM_3
0295 90BCE0    1103            mov     dptr,#__str_1
0298 75F080    1104            mov     b,#0x80
029B 120100    1105            lcall   _LCDprint
029E           1106   ;        C:\Users\carso\Documents\1. School\0. Spring 2018\Elec 292\lab4\hr_monitor.c:242: waitms(1000);
029E 9003E8    1107            mov     dptr,#0x03E8
02A1 120100    1108            lcall   _waitms
02A4           1109   ;        C:\Users\carso\Documents\1. School\0. Spring 2018\Elec 292\lab4\hr_monitor.c:244: printf("\x1b[2J"); // Clear screen using ANSI escape sequence.
02A4 7420      1110            mov     a,#__str_2
02A6 C0E0      1111            push    acc
02A8 74BD      1112            mov     a,#(__str_2 >> 8)
02AA C0E0      1113            push    acc
02AC 7480      1114            mov     a,#0x80
02AE C0E0      1115            push    acc
02B0 120100    1116            lcall   _printf
02B3 1581      1117            dec     sp
02B5 1581      1118            dec     sp
02B7 1581      1119            dec     sp
02B9           1120   ;        C:\Users\carso\Documents\1. School\0. Spring 2018\Elec 292\lab4\hr_monitor.c:249: __FILE__, __DATE__, __TIME__);
02B9           1121   ;        C:\Users\carso\Documents\1. School\0. Spring 2018\Elec 292\lab4\hr_monitor.c:248: "Compiled: %s, %s\n\n",
02B9 74E0      1122            mov     a,#__str_6
02BB C0E0      1123            push    acc
02BD 74BD      1124            mov     a,#(__str_6 >> 8)
02BF C0E0      1125            push    acc
02C1 7480      1126            mov     a,#0x80
02C3 C0E0      1127            push    acc
02C5 7420      1128            mov     a,#__str_5
02C7 C0E0      1129            push    acc
02C9 74BE      1130            mov     a,#(__str_5 >> 8)
02CB C0E0      1131            push    acc
02CD 7480      1132            mov     a,#0x80
02CF C0E0      1133            push    acc
02D1 7460      1134            mov     a,#__str_4
02D3 C0E0      1135            push    acc
02D5 74BE      1136            mov     a,#(__str_4 >> 8)
02D7 C0E0      1137            push    acc
02D9 7480      1138            mov     a,#0x80
02DB C0E0      1139            push    acc
02DD 74A0      1140            mov     a,#__str_3
02DF C0E0      1141            push    acc
02E1 74BE      1142            mov     a,#(__str_3 >> 8)
02E3 C0E0      1143            push    acc
02E5 7480      1144            mov     a,#0x80
02E7 C0E0      1145            push    acc
02E9 120100    1146            lcall   _printf
02EC E581      1147            mov     a,sp
02EE 24F4      1148            add     a,#0xf4
02F0 F581      1149            mov     sp,a
02F2           1150   ;        C:\Users\carso\Documents\1. School\0. Spring 2018\Elec 292\lab4\hr_monitor.c:252: while (1)
02F2           1151   L013018?:
02F2           1152   ;        C:\Users\carso\Documents\1. School\0. Spring 2018\Elec 292\lab4\hr_monitor.c:255: TL0=0; 
02F2 758A00    1153            mov     _TL0,#0x00
02F5           1154   ;        C:\Users\carso\Documents\1. School\0. Spring 2018\Elec 292\lab4\hr_monitor.c:256: TH0=0;
02F5 758C00    1155            mov     _TH0,#0x00
02F8           1156   ;        C:\Users\carso\Documents\1. School\0. Spring 2018\Elec 292\lab4\hr_monitor.c:257: TF0=0;
02F8 C28D      1157            clr     _TF0
02FA           1158   ;        C:\Users\carso\Documents\1. School\0. Spring 2018\Elec 292\lab4\hr_monitor.c:258: overflow_count=0;
02FA 753000    1159            mov     _overflow_count,#0x00
02FD           1160   ;        C:\Users\carso\Documents\1. School\0. Spring 2018\Elec 292\lab4\hr_monitor.c:260: while(input!=0); // Wait for the signal to be zero
02FD           1161   L013001?:
02FD 20A020    1162            jb      _P2_0,L013001?
0300           1163   ;        C:\Users\carso\Documents\1. School\0. Spring 2018\Elec 292\lab4\hr_monitor.c:261: while(input!=1); // Wait for the signal to be one
0300           1164   L013004?:
0300 30A060    1165            jnb     _P2_0,L013004?
0303           1166   ;        C:\Users\carso\Documents\1. School\0. Spring 2018\Elec 292\lab4\hr_monitor.c:262: TR0=1; // Start the timer
0303 D28C      1167            setb    _TR0
0305           1168   ;        C:\Users\carso\Documents\1. School\0. Spring 2018\Elec 292\lab4\hr_monitor.c:263: while(input!=0) // Wait for the signal to be zero
0305           1169   L013009?:
0305 30A0E8    1170            jnb     _P2_0,L013014?
0308           1171   ;        C:\Users\carso\Documents\1. School\0. Spring 2018\Elec 292\lab4\hr_monitor.c:265: if(TF0==1) // Did the 16-bit timer overflow?
0308           1172   ;        C:\Users\carso\Documents\1. School\0. Spring 2018\Elec 292\lab4\hr_monitor.c:267: TF0=0;
0308 108D28    1173            jbc     _TF0,L013035?
030B 8001      1174            sjmp    L013009?
030D           1175   L013035?:
030D           1176   ;        C:\Users\carso\Documents\1. School\0. Spring 2018\Elec 292\lab4\hr_monitor.c:268: overflow_count++;
030D 0530      1177            inc     _overflow_count
030F           1178   ;        C:\Users\carso\Documents\1. School\0. Spring 2018\Elec 292\lab4\hr_monitor.c:271: while(input!=1) // Wait for the signal to be one
030F 8001      1179            sjmp    L013009?
0311           1180   L013014?:
0311 20A068    1181            jb      _P2_0,L013016?
0314           1182   ;        C:\Users\carso\Documents\1. School\0. Spring 2018\Elec 292\lab4\hr_monitor.c:273: if(input==1) // Did the 16-bit timer overflow?
0314 30A0E8    1183            jnb     _P2_0,L013014?
0317           1184   ;        C:\Users\carso\Documents\1. School\0. Spring 2018\Elec 292\lab4\hr_monitor.c:275: TF0=0;
0317 C28D      1185            clr     _TF0
0319           1186   ;        C:\Users\carso\Documents\1. School\0. Spring 2018\Elec 292\lab4\hr_monitor.c:276: overflow_count++;
0319 0530      1187            inc     _overflow_count
031B 8001      1188            sjmp    L013014?
031D           1189   L013016?:
031D           1190   ;        C:\Users\carso\Documents\1. School\0. Spring 2018\Elec 292\lab4\hr_monitor.c:279: TR0=0; // Stop timer 0, the 24-bit number [overflow_count-TH0-TL0] has the period!
031D C28C      1191            clr     _TR0
031F           1192   ;        C:\Users\carso\Documents\1. School\0. Spring 2018\Elec 292\lab4\hr_monitor.c:280: period=(overflow_count*65536.0+TH0*256.0+TL0)*(12.0/SYSCLK);
031F 853082    1193            mov     dpl,_overflow_count
0322 120100    1194            lcall   ___uchar2fs
0325 AA82      1195            mov     r2,dpl
0327 AB83      1196            mov     r3,dph
0329 ACF0      1197            mov     r4,b
032B FD        1198            mov     r5,a
032C C002      1199            push    ar2
032E C003      1200            push    ar3
0330 C004      1201            push    ar4
0332 C005      1202            push    ar5
0334 900000    1203            mov     dptr,#0x0000
0337 75F080    1204            mov     b,#0x80
033A 7447      1205            mov     a,#0x47
033C 120100    1206            lcall   ___fsmul
033F AA82      1207            mov     r2,dpl
0341 AB83      1208            mov     r3,dph
0343 ACF0      1209            mov     r4,b
0345 FD        1210            mov     r5,a
0346 E581      1211            mov     a,sp
0348 24FC      1212            add     a,#0xfc
034A F581      1213            mov     sp,a
034C 858C82    1214            mov     dpl,_TH0
034F C002      1215            push    ar2
0351 C003      1216            push    ar3
0353 C004      1217            push    ar4
0355 C005      1218            push    ar5
0357 120100    1219            lcall   ___uchar2fs
035A AE82      1220            mov     r6,dpl
035C AF83      1221            mov     r7,dph
035E A8F0      1222            mov     r0,b
0360 F9        1223            mov     r1,a
0361 C006      1224            push    ar6
0363 C007      1225            push    ar7
0365 C000      1226            push    ar0
0367 C001      1227            push    ar1
0369 900000    1228            mov     dptr,#0x0000
036C 75F080    1229            mov     b,#0x80
036F 7443      1230            mov     a,#0x43
0371 120100    1231            lcall   ___fsmul
0374 AE82      1232            mov     r6,dpl
0376 AF83      1233            mov     r7,dph
0378 A8F0      1234            mov     r0,b
037A F9        1235            mov     r1,a
037B E581      1236            mov     a,sp
037D 24FC      1237            add     a,#0xfc
037F F581      1238            mov     sp,a
0381 D005      1239            pop     ar5
0383 D004      1240            pop     ar4
0385 D003      1241            pop     ar3
0387 D002      1242            pop     ar2
0389 C006      1243            push    ar6
038B C007      1244            push    ar7
038D C000      1245            push    ar0
038F C001      1246            push    ar1
0391 8A82      1247            mov     dpl,r2
0393 8B83      1248            mov     dph,r3
0395 8CF0      1249            mov     b,r4
0397 ED        1250            mov     a,r5
0398 120100    1251            lcall   ___fsadd
039B AA82      1252            mov     r2,dpl
039D AB83      1253            mov     r3,dph
039F ACF0      1254            mov     r4,b
03A1 FD        1255            mov     r5,a
03A2 E581      1256            mov     a,sp
03A4 24FC      1257            add     a,#0xfc
03A6 F581      1258            mov     sp,a
03A8 AE8A      1259            mov     r6,_TL0
03AA 7F00      1260            mov     r7,#0x00
03AC 8E82      1261            mov     dpl,r6
03AE 8F83      1262            mov     dph,r7
03B0 C002      1263            push    ar2
03B2 C003      1264            push    ar3
03B4 C004      1265            push    ar4
03B6 C005      1266            push    ar5
03B8 120100    1267            lcall   ___sint2fs
03BB AE82      1268            mov     r6,dpl
03BD AF83      1269            mov     r7,dph
03BF A8F0      1270            mov     r0,b
03C1 F9        1271            mov     r1,a
03C2 D005      1272            pop     ar5
03C4 D004      1273            pop     ar4
03C6 D003      1274            pop     ar3
03C8 D002      1275            pop     ar2
03CA C006      1276            push    ar6
03CC C007      1277            push    ar7
03CE C000      1278            push    ar0
03D0 C001      1279            push    ar1
03D2 8A82      1280            mov     dpl,r2
03D4 8B83      1281            mov     dph,r3
03D6 8CF0      1282            mov     b,r4
03D8 ED        1283            mov     a,r5
03D9 120100    1284            lcall   ___fsadd
03DC AA82      1285            mov     r2,dpl
03DE AB83      1286            mov     r3,dph
03E0 ACF0      1287            mov     r4,b
03E2 FD        1288            mov     r5,a
03E3 E581      1289            mov     a,sp
03E5 24FC      1290            add     a,#0xfc
03E7 F581      1291            mov     sp,a
03E9 C002      1292            push    ar2
03EB C003      1293            push    ar3
03ED C004      1294            push    ar4
03EF C005      1295            push    ar5
03F1 90F4FC    1296            mov     dptr,#0xF4FC
03F4 75F032    1297            mov     b,#0x32
03F7 7434      1298            mov     a,#0x34
03F9 120100    1299            lcall   ___fsmul
03FC AA82      1300            mov     r2,dpl
03FE AB83      1301            mov     r3,dph
0400 ACF0      1302            mov     r4,b
0402 FD        1303            mov     r5,a
0403 E581      1304            mov     a,sp
0405 24FC      1305            add     a,#0xfc
0407 F581      1306            mov     sp,a
0409           1307   ;        C:\Users\carso\Documents\1. School\0. Spring 2018\Elec 292\lab4\hr_monitor.c:282: printf( "\rT=%f ms    ", period*1000.0);
0409 C002      1308            push    ar2
040B C003      1309            push    ar3
040D C004      1310            push    ar4
040F C005      1311            push    ar5
0411 900000    1312            mov     dptr,#0x0000
0414 75F07A    1313            mov     b,#0x7A
0417 7444      1314            mov     a,#0x44
0419 120100    1315            lcall   ___fsmul
041C AA82      1316            mov     r2,dpl
041E AB83      1317            mov     r3,dph
0420 ACF0      1318            mov     r4,b
0422 FD        1319            mov     r5,a
0423 E581      1320            mov     a,sp
0425 24FC      1321            add     a,#0xfc
0427 F581      1322            mov     sp,a
0429 C002      1323            push    ar2
042B C003      1324            push    ar3
042D C004      1325            push    ar4
042F C005      1326            push    ar5
0431 74A8      1327            mov     a,#__str_7
0433 C0E0      1328            push    acc
0435 74C1      1329            mov     a,#(__str_7 >> 8)
0437 C0E0      1330            push    acc
0439 7480      1331            mov     a,#0x80
043B C0E0      1332            push    acc
043D 120100    1333            lcall   _printf
0440 E581      1334            mov     a,sp
0442 24F9      1335            add     a,#0xf9
0444 F581      1336            mov     sp,a
0446 020100    1337            ljmp    L013018?
0449           1338            rseg R_CSEG
0449           1339   
0000           1340            rseg R_XINIT
0000           1341   
0000           1342            rseg R_CONST
0000           1343   __str_0:
0000 506C6163  1344            db 'Place clip on   '
     6520636C
     6970206F
     6E202020
0010 00        1345            db 0x00
0011           1346   __str_1:
0011 52696E67  1347            db 'Ring fingernail'
     2066696E
     6765726E
     61696C
0020 00        1348            db 0x00
0021           1349   __str_2:
0021 1B        1350            db 0x1B
0022 5B324A    1351            db '[2J'
0025 00        1352            db 0x00
0026           1353   __str_3:
0026 45464D38  1354            db 'EFM8 Period measurement at pin P2.0 using Timer 0.'
     20506572
     696F6420
     6D656173
     7572656D
     656E7420
     61742070
     696E2050
     322E3020
     7573696E
     67205469
     6D657220
     302E
0058 0A        1355            db 0x0A
0059 46696C65  1356            db 'File: %s'
     3A202573
0061 0A        1357            db 0x0A
0062 436F6D70  1358            db 'Compiled: %s, %s'
     696C6564
     3A202573
     2C202573
0072 0A        1359            db 0x0A
0073 0A        1360            db 0x0A
0074 00        1361            db 0x00
0075           1362   __str_4:
0075 433A      1363            db 'C:'
0077 5C        1364            db 0x5C
0078 55736572  1365            db 'Users'
     73
007D 5C        1366            db 0x5C
007E 63617273  1367            db 'carso'
     6F
0083 5C        1368            db 0x5C
0084 446F6375  1369            db 'Documents'
     6D656E74
     73
008D 5C        1370            db 0x5C
008E 312E2053  1371            db '1. School'
     63686F6F
     6C
0097 5C        1372            db 0x5C
0098 302E2053  1373            db '0. Spring 2018'
     7072696E
     67203230
     3138
00A6 5C        1374            db 0x5C
00A7 456C6563  1375            db 'Elec 292'
     20323932
00AF 5C        1376            db 0x5C
00B0 6C        1377            db 'l'
00B1 616234    1378            db 'ab4'
00B4 5C        1379            db 0x5C
00B5 68725F6D  1380            db 'hr_monitor.c'
     6F6E6974
     6F722E63
00C1 00        1381            db 0x00
00C2           1382   __str_5:
00C2 46656220  1383            db 'Feb 28 2018'
     32382032
     303138
00CD 00        1384            db 0x00
00CE           1385   __str_6:
00CE 31373A32  1386            db '17:29:55'
     393A3535
00D6 00        1387            db 0x00
00D7           1388   __str_7:
00D7 0D        1389            db 0x0D
00D8 543D2566  1390            db 'T=%f ms    '
     206D7320
     202020
00E3 00        1391            db 0x00
00E4           1392   
0003           1393            CSEG
0003           1394   
0003           1395   end
